15:04:41.822 web3 [main] INFO  com.web3.scph.Application - Starting Application on liuwenbin-H81M-DS2 with PID 9358 (/home/liuwenbin/work/IdeaProjects/web3service/target/classes started by liuwenbin in /home/liuwenbin/work/IdeaProjects/web3service)
15:04:41.823 web3 [main] INFO  com.web3.scph.Application - No active profile set, falling back to default profiles: default
15:04:41.891 web3 [main] INFO  o.s.b.c.e.AnnotationConfigEmbeddedWebApplicationContext - Refreshing org.springframework.boot.context.embedded.AnnotationConfigEmbeddedWebApplicationContext@7fc229ab: startup date [Thu Feb 01 15:04:41 CST 2018]; root of context hierarchy
15:04:42.181 web3 [background-preinit] INFO  o.h.validator.internal.util.Version - HV000001: Hibernate Validator 5.3.6.Final
15:04:43.064 web3 [main] INFO  o.s.b.c.e.t.TomcatEmbeddedServletContainer - Tomcat initialized with port(s): 8080 (http)
15:04:43.075 web3 [main] INFO  o.a.catalina.core.StandardService - Starting service [Tomcat]
15:04:43.076 web3 [main] INFO  o.a.catalina.core.StandardEngine - Starting Servlet Engine: Apache Tomcat/8.5.23
15:04:43.172 web3 [localhost-startStop-1] INFO  o.a.c.c.C.[Tomcat].[localhost].[/] - Initializing Spring embedded WebApplicationContext
15:04:43.172 web3 [localhost-startStop-1] INFO  o.s.web.context.ContextLoader - Root WebApplicationContext: initialization completed in 1281 ms
15:04:43.259 web3 [localhost-startStop-1] INFO  o.s.b.w.s.ServletRegistrationBean - Mapping servlet: 'dispatcherServlet' to [/]
15:04:43.262 web3 [localhost-startStop-1] INFO  o.s.b.w.s.FilterRegistrationBean - Mapping filter: 'characterEncodingFilter' to: [/*]
15:04:43.263 web3 [localhost-startStop-1] INFO  o.s.b.w.s.FilterRegistrationBean - Mapping filter: 'hiddenHttpMethodFilter' to: [/*]
15:04:43.263 web3 [localhost-startStop-1] INFO  o.s.b.w.s.FilterRegistrationBean - Mapping filter: 'httpPutFormContentFilter' to: [/*]
15:04:43.263 web3 [localhost-startStop-1] INFO  o.s.b.w.s.FilterRegistrationBean - Mapping filter: 'requestContextFilter' to: [/*]
15:04:43.356 web3 [main] INFO  c.w.s.config.PageHelperConfiguration - ------Register MyBatis PageHelper
15:04:43.729 web3 [main] INFO  o.s.w.s.m.m.a.RequestMappingHandlerAdapter - Looking for @ControllerAdvice: org.springframework.boot.context.embedded.AnnotationConfigEmbeddedWebApplicationContext@7fc229ab: startup date [Thu Feb 01 15:04:41 CST 2018]; root of context hierarchy
15:04:43.774 web3 [main] INFO  o.s.w.s.m.m.a.RequestMappingHandlerMapping - Mapped "{[/web3/totalTrans]}" onto public long com.web3.scph.controller.TransactionController.selectTotalTransAmount()
15:04:43.775 web3 [main] INFO  o.s.w.s.m.m.a.RequestMappingHandlerMapping - Mapped "{[/web3/blockHeight]}" onto public long com.web3.scph.controller.TransactionController.findLatestBlockNumber()
15:04:43.776 web3 [main] INFO  o.s.w.s.m.m.a.RequestMappingHandlerMapping - Mapped "{[/web3/trans]}" onto public com.web3.scph.vo.TranListResponse com.web3.scph.controller.TransactionController.selectTranList(java.lang.Integer,java.lang.Integer)
15:04:43.776 web3 [main] INFO  o.s.w.s.m.m.a.RequestMappingHandlerMapping - Mapped "{[/web3/trans/{account}]}" onto public com.web3.scph.vo.TranListResponse com.web3.scph.controller.TransactionController.selectSBTranList(java.lang.String,java.lang.Integer,java.lang.Integer)
15:04:43.776 web3 [main] INFO  o.s.w.s.m.m.a.RequestMappingHandlerMapping - Mapped "{[/web3/trans/token]}" onto public com.web3.scph.vo.TranListResponse com.web3.scph.controller.TransactionController.selectSBTokenTranList(java.lang.String,java.lang.String,java.lang.Integer,java.lang.Integer)
15:04:43.777 web3 [main] INFO  o.s.w.s.m.m.a.RequestMappingHandlerMapping - Mapped "{[/web3/{tranHash}]}" onto public org.web3j.protocol.core.methods.response.EthTransaction com.web3.scph.controller.TransactionController.getTranByHash(java.lang.String)
15:04:43.778 web3 [main] INFO  o.s.w.s.m.m.a.RequestMappingHandlerMapping - Mapped "{[/error],produces=[text/html]}" onto public org.springframework.web.servlet.ModelAndView org.springframework.boot.autoconfigure.web.BasicErrorController.errorHtml(javax.servlet.http.HttpServletRequest,javax.servlet.http.HttpServletResponse)
15:04:43.778 web3 [main] INFO  o.s.w.s.m.m.a.RequestMappingHandlerMapping - Mapped "{[/error]}" onto public org.springframework.http.ResponseEntity<java.util.Map<java.lang.String, java.lang.Object>> org.springframework.boot.autoconfigure.web.BasicErrorController.error(javax.servlet.http.HttpServletRequest)
15:04:43.798 web3 [main] INFO  o.s.w.s.h.SimpleUrlHandlerMapping - Mapped URL path [/webjars/**] onto handler of type [class org.springframework.web.servlet.resource.ResourceHttpRequestHandler]
15:04:43.798 web3 [main] INFO  o.s.w.s.h.SimpleUrlHandlerMapping - Mapped URL path [/**] onto handler of type [class org.springframework.web.servlet.resource.ResourceHttpRequestHandler]
15:04:43.824 web3 [main] INFO  o.s.w.s.h.SimpleUrlHandlerMapping - Mapped URL path [/**/favicon.ico] onto handler of type [class org.springframework.web.servlet.resource.ResourceHttpRequestHandler]
15:04:43.975 web3 [main] INFO  o.s.j.e.a.AnnotationMBeanExporter - Registering beans for JMX exposure on startup
15:04:43.988 web3 [main] INFO  o.s.s.a.ScheduledAnnotationBeanPostProcessor - No TaskScheduler/ScheduledExecutorService bean found for scheduled processing
15:04:43.999 web3 [main] INFO  o.a.coyote.http11.Http11NioProtocol - Initializing ProtocolHandler ["http-nio-8080"]
15:04:44.010 web3 [main] INFO  o.a.coyote.http11.Http11NioProtocol - Starting ProtocolHandler ["http-nio-8080"]
15:04:44.015 web3 [main] INFO  o.a.tomcat.util.net.NioSelectorPool - Using a shared selector for servlet write/read
15:04:44.056 web3 [main] INFO  o.s.b.c.e.t.TomcatEmbeddedServletContainer - Tomcat started on port(s): 8080 (http)
15:04:44.061 web3 [main] INFO  com.web3.scph.Application - Started Application in 2.536 seconds (JVM running for 2.87)
15:04:44.590 web3 [pool-1-thread-1] INFO  c.web3.scph.scheduled.ScheduledTask - 当前最高区块：44374
15:04:44.590 web3 [pool-1-thread-1] INFO  c.web3.scph.scheduled.ScheduledTask - 最高同步区块：43342
15:04:47.127 web3 [pool-1-thread-1] INFO  c.web3.scph.scheduled.ScheduledTask - 批量同步最后一个区块44374
15:04:47.129 web3 [pool-1-thread-1] INFO  c.web3.scph.scheduled.ScheduledTask - 区块同步完毕，共耗时：2s
15:04:48.367 web3 [Thread-4] INFO  o.s.b.c.e.AnnotationConfigEmbeddedWebApplicationContext - Closing org.springframework.boot.context.embedded.AnnotationConfigEmbeddedWebApplicationContext@7fc229ab: startup date [Thu Feb 01 15:04:41 CST 2018]; root of context hierarchy
15:04:48.368 web3 [Thread-4] INFO  o.s.j.e.a.AnnotationMBeanExporter - Unregistering JMX-exposed beans on shutdown
